#
# A fatal error has been detected by the Java Runtime Environment:
#
#  SIGSEGV (0xb) at pc=0x00007f48610e2ad7, pid=15803, tid=139948773955328
#
# JRE version: 7.0_25-b15
# Java VM: Java HotSpot(TM) 64-Bit Server VM (23.25-b01 mixed mode linux-amd64 compressed oops)
# Problematic frame:
# C  [libc.so.6+0x145ad7]  __nss_hosts_lookup+0x14187
#
# Failed to write core dump. Core dumps have been disabled. To enable core dumping, try "ulimit -c unlimited" before starting Java again
#
# If you would like to submit a bug report, please visit:
#   http://bugreport.sun.com/bugreport/crash.jsp
# The crash happened outside the Java Virtual Machine in native code.
# See problematic frame for where to report the bug.
#

---------------  T H R E A D  ---------------

Current thread (0x00007f484000b800):  JavaThread "1983593280@qtp-1450983195-7" [_thread_in_native, id=15955, stack(0x00007f485ce55000,0x00007f485cf56000)]

siginfo:si_signo=SIGSEGV: si_errno=0, si_code=2 (SEGV_ACCERR), si_addr=0x00007f485cd54000

Registers:
RAX=0x00007f48441fe3b0, RBX=0x0000000000004b50, RCX=0x0000000000004000, RDX=0x0000000000002f40
RSP=0x00007f485cf51fd8, RBP=0x00007f485cf52030, RSI=0x00007f485cd53fc2, RDI=0x00007f48441fff40
R8 =0x00007f48441fe3b0, R9 =0x00007f48610e2ac0, R10=0x00007f485506cb58, R11=0x00007f4861120450
R12=0x00007f485cd52404, R13=0x00007f4845380b50, R14=0x0000000000000201, R15=0x00007f48443e9db0
RIP=0x00007f48610e2ad7, EFLAGS=0x0000000000010202, CSGSFS=0x0000000000000033, ERR=0x0000000000000004
  TRAPNO=0x000000000000000e

Top of Stack: (sp=0x00007f485cf51fd8)
0x00007f485cf51fd8:   00007f485eeedc67 00000000c0000d10
0x00007f485cf51fe8:   0314014800000000 0000000000004b50
0x00007f485cf51ff8:   00000000000042e7 00007f4845380b50
0x00007f485cf52008:   00007f4845321fe8 00007f48443e9db0
0x00007f485cf52018:   00007f484485b1c0 00000000c62de550
0x00007f485cf52028:   00007f485cf52090 00007f485cf52070
0x00007f485cf52038:   00007f485eeee228 000000105cf52070
0x00007f485cf52048:   00007f485cf52090 0000000000000010
0x00007f485cf52058:   00007f484000b9d8 00007f485cf52090
0x00007f485cf52068:   00007f485cf524e8 00007f485cf524d0
0x00007f485cf52078:   00007f485eeed05d 01007f485cf52000
0x00007f485cf52088:   00007f48443e9db0 2f464e492d424557
0x00007f485cf52098:   2f73657373616c63 00007f485cf52100
0x00007f485cf520a8:   00007f484000b800 00007f485cf520d0
0x00007f485cf520b8:   00007f48607c66b5 00007f485cf52170
0x00007f485cf520c8:   00007f485cf52110 00007f48580035c8
0x00007f485cf520d8:   00007f485cf52200 00007f4860b64868
0x00007f485cf520e8:   00007f485cf52280 0000000000000083
0x00007f485cf520f8:   00007f485cf52280 00007f48580035c8
0x00007f485cf52108:   00007f4861010442 00007f48fbad8001
0x00007f485cf52118:   00007f48580035c8 00007f48580035c8
0x00007f485cf52128:   00007f48580035c8 00007f48580035c8
0x00007f485cf52138:   00007f485800360a 00007f485800364b
0x00007f485cf52148:   00007f48580035c8 00007f485800364b
0x00007f485cf52158:   0000000000000538 0000000000000000
0x00007f485cf52168:   0000000000000000 0000000000000000
0x00007f485cf52178:   0000000000000000 00007f485cf521f0
0x00007f485cf52188:   00007f4855006158 00007f4855000000
0x00007f485cf52198:   00007f4855006158 00000000806b8400
0x00007f485cf521a8:   00000000806bfbc8 00007f485cf521b0
0x00007f485cf521b8:   00000000c16aa172 00007f485cf52208
0x00007f485cf521c8:   00000000c16b9c40 00000000c2a8b748 

Instructions: (pc=0x00007f48610e2ad7)
0x00007f48610e2ab7:   48 8d 52 c0 41 ff e1 0f 0b 0f 18 86 c0 01 00 00
0x00007f48610e2ac7:   48 83 ea 40 0f 28 56 0e 0f 28 5e 1e 0f 28 66 2e
0x00007f48610e2ad7:   0f 28 6e 3e 66 0f 6f f5 66 0f 3a 0f ec 02 48 8d
0x00007f48610e2ae7:   76 40 66 0f 3a 0f e3 02 66 0f 3a 0f da 02 48 8d 

Register to memory mapping:

RAX=0x00007f48441fe3b0 is an unknown value
RBX=0x0000000000004b50 is an unknown value
RCX=0x0000000000004000 is an unknown value
RDX=0x0000000000002f40 is an unknown value
RSP=0x00007f485cf51fd8 is pointing into the stack for thread: 0x00007f484000b800
RBP=0x00007f485cf52030 is pointing into the stack for thread: 0x00007f484000b800
RSI=0x00007f485cd53fc2 is an unknown value
RDI=0x00007f48441fff40 is an unknown value
R8 =0x00007f48441fe3b0 is an unknown value
R9 =0x00007f48610e2ac0: <offset 0x145ac0> in /lib/x86_64-linux-gnu/libc.so.6 at 0x00007f4860f9d000
R10=0x00007f485506c990 [CodeBlob (0x00007f485506c990)]
Framesize: 10
R11=0x00007f4861120450: <offset 0x183450> in /lib/x86_64-linux-gnu/libc.so.6 at 0x00007f4860f9d000
R12=0x00007f485cd52404 is an unknown value
R13=0x00007f4845380b50 is an unknown value
R14=0x0000000000000201 is an unknown value
R15=0x00007f48443e9db0 is an unknown value


Stack: [0x00007f485ce55000,0x00007f485cf56000],  sp=0x00007f485cf51fd8,  free space=1011k
Native frames: (J=compiled Java code, j=interpreted, Vv=VM code, C=native code)
C  [libc.so.6+0x145ad7]  __nss_hosts_lookup+0x14187
C  [libzip.so+0x5228]  ZIP_GetEntry+0xd8
C  [libzip.so+0x405d]  Java_java_util_zip_ZipFile_getEntry+0xad
J  java.util.zip.ZipFile.getEntry(J[BZ)J

Java frames: (J=compiled Java code, j=interpreted, Vv=VM code)
J  java.util.zip.ZipFile.getEntry(J[BZ)J
J  java.util.jar.JarFile.getEntry(Ljava/lang/String;)Ljava/util/zip/ZipEntry;
j  sun.net.www.protocol.jar.URLJarFile.getEntry(Ljava/lang/String;)Ljava/util/zip/ZipEntry;+2
j  sun.net.www.protocol.jar.JarURLConnection.connect()V+62
j  sun.net.www.protocol.jar.JarURLConnection.getJarFile()Ljava/util/jar/JarFile;+1
j  org.apache.jasper.compiler.TldLocationsCache.scanJars()V+91
j  org.apache.jasper.compiler.TldLocationsCache.init()V+63
j  org.apache.jasper.compiler.TldLocationsCache.getLocation(Ljava/lang/String;)[Ljava/lang/String;+8
j  org.apache.jasper.JspCompilationContext.getTldLocation(Ljava/lang/String;)[Ljava/lang/String;+10
j  org.apache.jasper.compiler.Parser.parseTaglibDirective(Lorg/apache/jasper/compiler/Node;)V+219
j  org.apache.jasper.compiler.Parser.parseDirective(Lorg/apache/jasper/compiler/Node;)V+112
j  org.apache.jasper.compiler.Parser.parseElements(Lorg/apache/jasper/compiler/Node;)V+60
j  org.apache.jasper.compiler.Parser.parse(Lorg/apache/jasper/compiler/ParserController;Ljava/lang/String;Lorg/apache/jasper/compiler/JspReader;Lorg/apache/jasper/compiler/Node;ZZLjava/net/URL;Ljava/lang/String;Ljava/lang/String;ZZ)Lorg/apache/jasper/compiler/Node$Nodes;+168
j  org.apache.jasper.compiler.ParserController.doParse(Ljava/lang/String;Lorg/apache/jasper/compiler/Node;Ljava/net/URL;)Lorg/apache/jasper/compiler/Node$Nodes;+189
j  org.apache.jasper.compiler.ParserController.parse(Ljava/lang/String;)Lorg/apache/jasper/compiler/Node$Nodes;+26
j  org.apache.jasper.compiler.Compiler.generateJava()V+308
j  org.apache.jasper.compiler.Compiler.compile(Z)V+38
j  org.apache.jasper.JspCompilationContext.compile()V+28
j  org.apache.jasper.servlet.JspServletWrapper.service(Ljavax/servlet/http/HttpServletRequest;Ljavax/servlet/http/HttpServletResponse;Z)V+108
j  org.apache.jasper.servlet.JspServlet.serviceJspFile(Ljavax/servlet/http/HttpServletRequest;Ljavax/servlet/http/HttpServletResponse;Ljava/lang/String;Ljava/lang/Throwable;Z)V+190
j  org.apache.jasper.servlet.JspServlet.service(Ljavax/servlet/http/HttpServletRequest;Ljavax/servlet/http/HttpServletResponse;)V+427
j  javax.servlet.http.HttpServlet.service(Ljavax/servlet/ServletRequest;Ljavax/servlet/ServletResponse;)V+30
j  org.mortbay.jetty.servlet.ServletHolder.handle(Ljavax/servlet/ServletRequest;Ljavax/servlet/ServletResponse;)V+176
j  org.mortbay.jetty.servlet.ServletHandler.handle(Ljava/lang/String;Ljavax/servlet/http/HttpServletRequest;Ljavax/servlet/http/HttpServletResponse;I)V+477
j  org.mortbay.jetty.security.SecurityHandler.handle(Ljava/lang/String;Ljavax/servlet/http/HttpServletRequest;Ljavax/servlet/http/HttpServletResponse;I)V+206
j  org.mortbay.jetty.servlet.SessionHandler.handle(Ljava/lang/String;Ljavax/servlet/http/HttpServletRequest;Ljavax/servlet/http/HttpServletResponse;I)V+225
j  org.mortbay.jetty.handler.ContextHandler.handle(Ljava/lang/String;Ljavax/servlet/http/HttpServletRequest;Ljavax/servlet/http/HttpServletResponse;I)V+709
j  org.mortbay.jetty.webapp.WebAppContext.handle(Ljava/lang/String;Ljavax/servlet/http/HttpServletRequest;Ljavax/servlet/http/HttpServletResponse;I)V+25
j  org.mortbay.jetty.servlet.Dispatcher.forward(Ljavax/servlet/ServletRequest;Ljavax/servlet/ServletResponse;I)V+753
j  org.mortbay.jetty.servlet.Dispatcher.forward(Ljavax/servlet/ServletRequest;Ljavax/servlet/ServletResponse;)V+4
j  org.springframework.web.servlet.view.InternalResourceView.renderMergedOutputModel(Ljava/util/Map;Ljavax/servlet/http/HttpServletRequest;Ljavax/servlet/http/HttpServletResponse;)V+234
j  org.springframework.web.servlet.view.AbstractView.render(Ljava/util/Map;Ljavax/servlet/http/HttpServletRequest;Ljavax/servlet/http/HttpServletResponse;)V+81
j  org.springframework.web.servlet.DispatcherServlet.render(Lorg/springframework/web/servlet/ModelAndView;Ljavax/servlet/http/HttpServletRequest;Ljavax/servlet/http/HttpServletResponse;)V+223
j  org.springframework.web.servlet.DispatcherServlet.doDispatch(Ljavax/servlet/http/HttpServletRequest;Ljavax/servlet/http/HttpServletResponse;)V+444
j  org.springframework.web.servlet.DispatcherServlet.doService(Ljavax/servlet/http/HttpServletRequest;Ljavax/servlet/http/HttpServletResponse;)V+292
j  org.springframework.web.servlet.FrameworkServlet.processRequest(Ljavax/servlet/http/HttpServletRequest;Ljavax/servlet/http/HttpServletResponse;)V+111
j  org.springframework.web.servlet.FrameworkServlet.doGet(Ljavax/servlet/http/HttpServletRequest;Ljavax/servlet/http/HttpServletResponse;)V+3
j  javax.servlet.http.HttpServlet.service(Ljavax/servlet/http/HttpServletRequest;Ljavax/servlet/http/HttpServletResponse;)V+35
j  javax.servlet.http.HttpServlet.service(Ljavax/servlet/ServletRequest;Ljavax/servlet/ServletResponse;)V+30
j  org.mortbay.jetty.servlet.ServletHolder.handle(Ljavax/servlet/ServletRequest;Ljavax/servlet/ServletResponse;)V+176
j  org.mortbay.jetty.servlet.ServletHandler$CachedChain.doFilter(Ljavax/servlet/ServletRequest;Ljavax/servlet/ServletResponse;)V+103
j  com.opensymphony.sitemesh.webapp.SiteMeshFilter.obtainContent(Lcom/opensymphony/sitemesh/ContentProcessor;Lcom/opensymphony/sitemesh/webapp/SiteMeshWebAppContext;Ljavax/servlet/http/HttpServletRequest;Ljavax/servlet/http/HttpServletResponse;Ljavax/servlet/FilterChain;)Lcom/opensymphony/sitemesh/Content;+18
j  com.opensymphony.sitemesh.webapp.SiteMeshFilter.doFilter(Ljavax/servlet/ServletRequest;Ljavax/servlet/ServletResponse;Ljavax/servlet/FilterChain;)V+126
j  org.mortbay.jetty.servlet.ServletHandler$CachedChain.doFilter(Ljavax/servlet/ServletRequest;Ljavax/servlet/ServletResponse;)V+53
j  org.mortbay.jetty.servlet.ServletHandler.handle(Ljava/lang/String;Ljavax/servlet/http/HttpServletRequest;Ljavax/servlet/http/HttpServletResponse;I)V+465
j  org.mortbay.jetty.security.SecurityHandler.handle(Ljava/lang/String;Ljavax/servlet/http/HttpServletRequest;Ljavax/servlet/http/HttpServletResponse;I)V+206
j  org.mortbay.jetty.servlet.SessionHandler.handle(Ljava/lang/String;Ljavax/servlet/http/HttpServletRequest;Ljavax/servlet/http/HttpServletResponse;I)V+225
j  org.mortbay.jetty.handler.ContextHandler.handle(Ljava/lang/String;Ljavax/servlet/http/HttpServletRequest;Ljavax/servlet/http/HttpServletResponse;I)V+709
j  org.mortbay.jetty.webapp.WebAppContext.handle(Ljava/lang/String;Ljavax/servlet/http/HttpServletRequest;Ljavax/servlet/http/HttpServletResponse;I)V+25
j  org.mortbay.jetty.handler.ContextHandlerCollection.handle(Ljava/lang/String;Ljavax/servlet/http/HttpServletRequest;Ljavax/servlet/http/HttpServletResponse;I)V+373
j  org.mortbay.jetty.handler.HandlerCollection.handle(Ljava/lang/String;Ljavax/servlet/http/HttpServletRequest;Ljavax/servlet/http/HttpServletResponse;I)V+42
j  org.mortbay.jetty.handler.HandlerWrapper.handle(Ljava/lang/String;Ljavax/servlet/http/HttpServletRequest;Ljavax/servlet/http/HttpServletResponse;I)V+23
j  org.mortbay.jetty.Server.handle(Lorg/mortbay/jetty/HttpConnection;)V+110
j  org.mortbay.jetty.HttpConnection.handleRequest()V+137
j  org.mortbay.jetty.HttpConnection$RequestHandler.headerComplete()V+438
J  org.mortbay.jetty.HttpParser.parseNext()J
j  org.mortbay.jetty.HttpParser.parseAvailable()J+1
j  org.mortbay.jetty.HttpConnection.handle()V+122
j  org.mortbay.io.nio.SelectChannelEndPoint.run()V+4
j  org.mortbay.thread.QueuedThreadPool$PoolThread.run()V+25
v  ~StubRoutines::call_stub

---------------  P R O C E S S  ---------------

Java Threads: ( => current thread )
  0x00007f4858f71000 JavaThread "MySQL Statement Cancellation Timer" daemon [_thread_blocked, id=16036, stack(0x00007f485c58e000,0x00007f485c68f000)]
  0x00007f48590e1800 JavaThread "Timer-4" daemon [_thread_blocked, id=16035, stack(0x00007f485c68f000,0x00007f485c790000)]
  0x00007f4858f03000 JavaThread "Timer-3" daemon [_thread_blocked, id=16034, stack(0x00007f485ca93000,0x00007f485cb94000)]
=>0x00007f484000b800 JavaThread "1983593280@qtp-1450983195-7" [_thread_in_native, id=15955, stack(0x00007f485ce55000,0x00007f485cf56000)]
  0x00007f485928b800 JavaThread "Timer-2" daemon [_thread_blocked, id=15833, stack(0x00007f485c790000,0x00007f485c891000)]
  0x00007f48591c5800 JavaThread "MySQL Statement Cancellation Timer" daemon [_thread_blocked, id=15832, stack(0x00007f485c891000,0x00007f485c992000)]
  0x00007f4859112800 JavaThread "Timer-1" daemon [_thread_blocked, id=15831, stack(0x00007f485c992000,0x00007f485ca93000)]
  0x00007f48589c4000 JavaThread "1471829157@qtp-1450983195-1 - Acceptor0 SelectChannelConnector@0.0.0.0:8080" [_thread_in_native, id=15828, stack(0x00007f485cd54000,0x00007f485ce55000)]
  0x00007f4858311000 JavaThread "com.google.common.base.internal.Finalizer" daemon [_thread_blocked, id=15823, stack(0x00007f485d03d000,0x00007f485d13e000)]
  0x00007f48580e8000 JavaThread "Service Thread" daemon [_thread_blocked, id=15821, stack(0x00007f485d77a000,0x00007f485d87b000)]
  0x00007f48580e5000 JavaThread "C2 CompilerThread1" daemon [_thread_in_native, id=15820, stack(0x00007f485d87b000,0x00007f485d97c000)]
  0x00007f48580e3000 JavaThread "C2 CompilerThread0" daemon [_thread_blocked, id=15819, stack(0x00007f485d97c000,0x00007f485da7d000)]
  0x00007f48580e1000 JavaThread "Signal Dispatcher" daemon [_thread_blocked, id=15818, stack(0x00007f485da7d000,0x00007f485db7e000)]
  0x00007f4858092800 JavaThread "Finalizer" daemon [_thread_blocked, id=15817, stack(0x00007f485e261000,0x00007f485e362000)]
  0x00007f4858090000 JavaThread "Reference Handler" daemon [_thread_blocked, id=15816, stack(0x00007f485e362000,0x00007f485e463000)]
  0x00007f4858009000 JavaThread "main" [_thread_blocked, id=15814, stack(0x00007f4861a9f000,0x00007f4861ba0000)]

Other Threads:
  0x00007f4858088800 VMThread [stack: 0x00007f485e463000,0x00007f485e564000] [id=15815]
  0x00007f48580f2800 WatcherThread [stack: 0x00007f485d679000,0x00007f485d77a000] [id=15822]

VM state:not at safepoint (normal execution)

VM Mutex/Monitor currently owned by a thread: None

Heap
 def new generation   total 20800K, used 8623K [0x0000000080000000, 0x0000000081690000, 0x0000000095550000)
  eden space 18496K,  37% used [0x0000000080000000, 0x00000000806d1ae0, 0x0000000081210000)
  from space 2304K,  71% used [0x0000000081450000, 0x00000000815ea2a0, 0x0000000081690000)
  to   space 2304K,   0% used [0x0000000081210000, 0x0000000081210000, 0x0000000081450000)
 tenured generation   total 46064K, used 28964K [0x0000000095550000, 0x000000009824c000, 0x00000000c0000000)
   the space 46064K,  62% used [0x0000000095550000, 0x00000000971991e8, 0x0000000097199200, 0x000000009824c000)
 compacting perm gen  total 64768K, used 64616K [0x00000000c0000000, 0x00000000c3f40000, 0x0000000100000000)
   the space 64768K,  99% used [0x00000000c0000000, 0x00000000c3f1a058, 0x00000000c3f1a200, 0x00000000c3f40000)
No shared spaces configured.

Card table byte_map: [0x00007f485eae8000,0x00007f485eee9000] byte_map_base: 0x00007f485e6e8000

Polling page: 0x00007f4861bb3000

Code Cache  [0x00007f4855000000, 0x00007f4855490000, 0x00007f4858000000)
 total_blobs=1618 nmethods=1159 adapters=410 free_code_cache=44701Kb largest_free_block=45611264

Compilation events (10 events):
Event: 687.844 Thread 0x00007f48580e3000 1249             sun.reflect.generics.reflectiveObjects.ParameterizedTypeImpl::getRawType (5 bytes)
Event: 687.844 Thread 0x00007f48580e3000 nmethod 1249 0x00007f48552cd210 code [0x00007f48552cd340, 0x00007f48552cd398]
Event: 687.964 Thread 0x00007f48580e3000 1250             org.mortbay.jetty.webapp.WebAppClassLoader::isServerPath (118 bytes)
Event: 688.014 Thread 0x00007f48580e3000 nmethod 1250 0x00007f48552cda90 code [0x00007f48552cdc60, 0x00007f48552ce418]
Event: 688.015 Thread 0x00007f48580e3000 1251             java.lang.ref.WeakReference::<init> (6 bytes)
Event: 688.015 Thread 0x00007f48580e3000 nmethod 1251 0x00007f48552cd890 code [0x00007f48552cd9c0, 0x00007f48552cda38]
Event: 688.407 Thread 0x00007f48580e3000 1252             com.mysql.jdbc.util.ReadAheadInputStream::checkClosed (18 bytes)
Event: 688.408 Thread 0x00007f48580e3000 nmethod 1252 0x00007f48552cd610 code [0x00007f48552cd740, 0x00007f48552cd7b8]
Event: 688.420 Thread 0x00007f48580e3000 1253             com.mysql.jdbc.SingleByteCharsetConverter::toString (53 bytes)
Event: 688.448 Thread 0x00007f48580e3000 nmethod 1253 0x00007f485524a350 code [0x00007f485524a4a0, 0x00007f485524a918]

GC Heap History (10 events):
Event: 685.227 GC heap before
{Heap before GC invocations=46 (full 7):
 def new generation   total 20800K, used 18496K [0x0000000080000000, 0x0000000081690000, 0x0000000095550000)
  eden space 18496K, 100% used [0x0000000080000000, 0x0000000081210000, 0x0000000081210000)
  from space 2304K,   0% used [0x0000000081210000, 0x0000000081210000, 0x0000000081450000)
  to   space 2304K,   0% used [0x0000000081450000, 0x0000000081450000, 0x0000000081690000)
 tenured generation   total 46064K, used 27334K [0x0000000095550000, 0x000000009824c000, 0x00000000c0000000)
   the space 46064K,  59% used [0x0000000095550000, 0x0000000097001800, 0x0000000097001800, 0x000000009824c000)
 compacting perm gen  total 61568K, used 61436K [0x00000000c0000000, 0x00000000c3c20000, 0x0000000100000000)
   the space 61568K,  99% used [0x00000000c0000000, 0x00000000c3bff250, 0x00000000c3bff400, 0x00000000c3c20000)
No shared spaces configured.
Event: 685.233 GC heap after
Heap after GC invocations=47 (full 7):
 def new generation   total 20800K, used 1964K [0x0000000080000000, 0x0000000081690000, 0x0000000095550000)
  eden space 18496K,   0% used [0x0000000080000000, 0x0000000080000000, 0x0000000081210000)
  from space 2304K,  85% used [0x0000000081450000, 0x000000008163b3e8, 0x0000000081690000)
  to   space 2304K,   0% used [0x0000000081210000, 0x0000000081210000, 0x0000000081450000)
 tenured generation   total 46064K, used 27334K [0x0000000095550000, 0x000000009824c000, 0x00000000c0000000)
   the space 46064K,  59% used [0x0000000095550000, 0x0000000097001800, 0x0000000097001800, 0x000000009824c000)
 compacting perm gen  total 61568K, used 61436K [0x00000000c0000000, 0x00000000c3c20000, 0x0000000100000000)
   the space 61568K,  99% used [0x00000000c0000000, 0x00000000c3bff250, 0x00000000c3bff400, 0x00000000c3c20000)
No shared spaces configured.
}
Event: 686.607 GC heap before
{Heap before GC invocations=47 (full 7):
 def new generation   total 20800K, used 20460K [0x0000000080000000, 0x0000000081690000, 0x0000000095550000)
  eden space 18496K, 100% used [0x0000000080000000, 0x0000000081210000, 0x0000000081210000)
  from space 2304K,  85% used [0x0000000081450000, 0x000000008163b3e8, 0x0000000081690000)
  to   space 2304K,   0% used [0x0000000081210000, 0x0000000081210000, 0x0000000081450000)
 tenured generation   total 46064K, used 27334K [0x0000000095550000, 0x000000009824c000, 0x00000000c0000000)
   the space 46064K,  59% used [0x0000000095550000, 0x0000000097001800, 0x0000000097001800, 0x000000009824c000)
 compacting perm gen  total 62208K, used 61989K [0x00000000c0000000, 0x00000000c3cc0000, 0x0000000100000000)
   the space 62208K,  99% used [0x00000000c0000000, 0x00000000c3c89748, 0x00000000c3c89800, 0x00000000c3cc0000)
No shared spaces configured.
Event: 686.618 GC heap after
Heap after GC invocations=48 (full 7):
 def new generation   total 20800K, used 1293K [0x0000000080000000, 0x0000000081690000, 0x0000000095550000)
  eden space 18496K,   0% used [0x0000000080000000, 0x0000000080000000, 0x0000000081210000)
  from space 2304K,  56% used [0x0000000081210000, 0x0000000081353400, 0x0000000081450000)
  to   space 2304K,   0% used [0x0000000081450000, 0x0000000081450000, 0x0000000081690000)
 tenured generation   total 46064K, used 27956K [0x0000000095550000, 0x000000009824c000, 0x00000000c0000000)
   the space 46064K,  60% used [0x0000000095550000, 0x000000009709d248, 0x000000009709d400, 0x000000009824c000)
 compacting perm gen  total 62208K, used 61989K [0x00000000c0000000, 0x00000000c3cc0000, 0x0000000100000000)
   the space 62208K,  99% used [0x00000000c0000000, 0x00000000c3c89748, 0x00000000c3c89800, 0x00000000c3cc0000)
No shared spaces configured.
}
Event: 687.202 GC heap before
{Heap before GC invocations=48 (full 7):
 def new generation   total 20800K, used 19789K [0x0000000080000000, 0x0000000081690000, 0x0000000095550000)
  eden space 18496K, 100% used [0x0000000080000000, 0x0000000081210000, 0x0000000081210000)
  from space 2304K,  56% used [0x0000000081210000, 0x0000000081353400, 0x0000000081450000)
  to   space 2304K,   0% used [0x0000000081450000, 0x0000000081450000, 0x0000000081690000)
 tenured generation   total 46064K, used 27956K [0x0000000095550000, 0x000000009824c000, 0x00000000c0000000)
   the space 46064K,  60% used [0x0000000095550000, 0x000000009709d248, 0x000000009709d400, 0x000000009824c000)
 compacting perm gen  total 62848K, used 62807K [0x00000000c0000000, 0x00000000c3d60000, 0x0000000100000000)
   the space 62848K,  99% used [0x00000000c0000000, 0x00000000c3d55dd8, 0x00000000c3d55e00, 0x00000000c3d60000)
No shared spaces configured.
Event: 687.212 GC heap after
Heap after GC invocations=49 (full 7):
 def new generation   total 20800K, used 1266K [0x0000000080000000, 0x0000000081690000, 0x0000000095550000)
  eden space 18496K,   0% used [0x0000000080000000, 0x0000000080000000, 0x0000000081210000)
  from space 2304K,  54% used [0x0000000081450000, 0x000000008158cb20, 0x0000000081690000)
  to   space 2304K,   0% used [0x0000000081210000, 0x0000000081210000, 0x0000000081450000)
 tenured generation   total 46064K, used 28446K [0x0000000095550000, 0x000000009824c000, 0x00000000c0000000)
   the space 46064K,  61% used [0x0000000095550000, 0x00000000971178b0, 0x0000000097117a00, 0x000000009824c000)
 compacting perm gen  total 62848K, used 62807K [0x00000000c0000000, 0x00000000c3d60000, 0x0000000100000000)
   the space 62848K,  99% used [0x00000000c0000000, 0x00000000c3d55dd8, 0x00000000c3d55e00, 0x00000000c3d60000)
No shared spaces configured.
}
Event: 687.792 GC heap before
{Heap before GC invocations=49 (full 7):
 def new generation   total 20800K, used 19762K [0x0000000080000000, 0x0000000081690000, 0x0000000095550000)
  eden space 18496K, 100% used [0x0000000080000000, 0x0000000081210000, 0x0000000081210000)
  from space 2304K,  54% used [0x0000000081450000, 0x000000008158cb20, 0x0000000081690000)
  to   space 2304K,   0% used [0x0000000081210000, 0x0000000081210000, 0x0000000081450000)
 tenured generation   total 46064K, used 28446K [0x0000000095550000, 0x000000009824c000, 0x00000000c0000000)
   the space 46064K,  61% used [0x0000000095550000, 0x00000000971178b0, 0x0000000097117a00, 0x000000009824c000)
 compacting perm gen  total 63488K, used 63407K [0x00000000c0000000, 0x00000000c3e00000, 0x0000000100000000)
   the space 63488K,  99% used [0x00000000c0000000, 0x00000000c3debd08, 0x00000000c3debe00, 0x00000000c3e00000)
No shared spaces configured.
Event: 687.799 GC heap after
Heap after GC invocations=50 (full 7):
 def new generation   total 20800K, used 702K [0x0000000080000000, 0x0000000081690000, 0x0000000095550000)
  eden space 18496K,   0% used [0x0000000080000000, 0x0000000080000000, 0x0000000081210000)
  from space 2304K,  30% used [0x0000000081210000, 0x00000000812bfbb8, 0x0000000081450000)
  to   space 2304K,   0% used [0x0000000081450000, 0x0000000081450000, 0x0000000081690000)
 tenured generation   total 46064K, used 28964K [0x0000000095550000, 0x000000009824c000, 0x00000000c0000000)
   the space 46064K,  62% used [0x0000000095550000, 0x00000000971991e8, 0x0000000097199200, 0x000000009824c000)
 compacting perm gen  total 63488K, used 63407K [0x00000000c0000000, 0x00000000c3e00000, 0x0000000100000000)
   the space 63488K,  99% used [0x00000000c0000000, 0x00000000c3debd08, 0x00000000c3debe00, 0x00000000c3e00000)
No shared spaces configured.
}
Event: 688.569 GC heap before
{Heap before GC invocations=50 (full 7):
 def new generation   total 20800K, used 19198K [0x0000000080000000, 0x0000000081690000, 0x0000000095550000)
  eden space 18496K, 100% used [0x0000000080000000, 0x0000000081210000, 0x0000000081210000)
  from space 2304K,  30% used [0x0000000081210000, 0x00000000812bfbb8, 0x0000000081450000)
  to   space 2304K,   0% used [0x0000000081450000, 0x0000000081450000, 0x0000000081690000)
 tenured generation   total 46064K, used 28964K [0x0000000095550000, 0x000000009824c000, 0x00000000c0000000)
   the space 46064K,  62% used [0x0000000095550000, 0x00000000971991e8, 0x0000000097199200, 0x000000009824c000)
 compacting perm gen  total 64768K, used 64616K [0x00000000c0000000, 0x00000000c3f40000, 0x0000000100000000)
   the space 64768K,  99% used [0x00000000c0000000, 0x00000000c3f1a058, 0x00000000c3f1a200, 0x00000000c3f40000)
No shared spaces configured.
Event: 688.580 GC heap after
Heap after GC invocations=51 (full 7):
 def new generation   total 20800K, used 1640K [0x0000000080000000, 0x0000000081690000, 0x0000000095550000)
  eden space 18496K,   0% used [0x0000000080000000, 0x0000000080000000, 0x0000000081210000)
  from space 2304K,  71% used [0x0000000081450000, 0x00000000815ea2a0, 0x0000000081690000)
  to   space 2304K,   0% used [0x0000000081210000, 0x0000000081210000, 0x0000000081450000)
 tenured generation   total 46064K, used 28964K [0x0000000095550000, 0x000000009824c000, 0x00000000c0000000)
   the space 46064K,  62% used [0x0000000095550000, 0x00000000971991e8, 0x0000000097199200, 0x000000009824c000)
 compacting perm gen  total 64768K, used 64616K [0x00000000c0000000, 0x00000000c3f40000, 0x0000000100000000)
   the space 64768K,  99% used [0x00000000c0000000, 0x00000000c3f1a058, 0x00000000c3f1a200, 0x00000000c3f40000)
No shared spaces configured.
}

Deoptimization events (10 events):
Event: 685.289 Thread 0x00007f485928b800 Uncommon trap -34 fr.pc 0x00007f485545a128
Event: 685.306 Thread 0x00007f485928b800 Uncommon trap -34 fr.pc 0x00007f485545a128
Event: 685.307 Thread 0x00007f485928b800 Uncommon trap -34 fr.pc 0x00007f485545a128
Event: 685.364 Thread 0x00007f485928b800 Uncommon trap -34 fr.pc 0x00007f48551959e8
Event: 685.367 Thread 0x00007f485928b800 Uncommon trap -34 fr.pc 0x00007f48552529f4
Event: 686.415 Thread 0x00007f484000b800 Uncommon trap -34 fr.pc 0x00007f4855250668
Event: 686.966 Thread 0x00007f484000b800 Uncommon trap -34 fr.pc 0x00007f4855440b88
Event: 686.986 Thread 0x00007f484000b800 Uncommon trap -34 fr.pc 0x00007f4855440b88
Event: 687.096 Thread 0x00007f484000b800 Uncommon trap -83 fr.pc 0x00007f485541cf24
Event: 688.590 Thread 0x00007f484000b800 Uncommon trap -34 fr.pc 0x00007f48552529f4

Internal exceptions (10 events):
Event: 688.064 Thread 0x00007f484000b800 Threw 0x0000000080a9d1c8 at /HUDSON/workspace/jdk7u25-2-build-linux-amd64-product/jdk7u25/hotspot/src/share/vm/prims/jvm.cpp:1235
Event: 688.064 Thread 0x00007f484000b800 Threw 0x0000000080a9f140 at /HUDSON/workspace/jdk7u25-2-build-linux-amd64-product/jdk7u25/hotspot/src/share/vm/prims/jvm.cpp:1235
Event: 688.064 Thread 0x00007f484000b800 Threw 0x0000000080a9f778 at /HUDSON/workspace/jdk7u25-2-build-linux-amd64-product/jdk7u25/hotspot/src/share/vm/prims/jvm.cpp:1235
Event: 688.064 Thread 0x00007f484000b800 Threw 0x0000000080a9fde0 at /HUDSON/workspace/jdk7u25-2-build-linux-amd64-product/jdk7u25/hotspot/src/share/vm/prims/jvm.cpp:1235
Event: 688.567 Thread 0x00007f484000b800 Threw 0x000000008118a698 at /HUDSON/workspace/jdk7u25-2-build-linux-amd64-product/jdk7u25/hotspot/src/share/vm/prims/jvm.cpp:1235
Event: 688.567 Thread 0x00007f484000b800 Threw 0x000000008118ccf8 at /HUDSON/workspace/jdk7u25-2-build-linux-amd64-product/jdk7u25/hotspot/src/share/vm/prims/jvm.cpp:1235
Event: 688.567 Thread 0x00007f484000b800 Threw 0x000000008118d3a8 at /HUDSON/workspace/jdk7u25-2-build-linux-amd64-product/jdk7u25/hotspot/src/share/vm/prims/jvm.cpp:1235
Event: 688.567 Thread 0x00007f484000b800 Threw 0x000000008118da98 at /HUDSON/workspace/jdk7u25-2-build-linux-amd64-product/jdk7u25/hotspot/src/share/vm/prims/jvm.cpp:1235
Event: 688.589 Thread 0x00007f484000b800 Threw 0x00000000806a5950 at /HUDSON/workspace/jdk7u25-2-build-linux-amd64-product/jdk7u25/hotspot/src/share/vm/prims/jvm.cpp:1235
Event: 688.589 Thread 0x00007f484000b800 Threw 0x00000000806b5678 at /HUDSON/workspace/jdk7u25-2-build-linux-amd64-product/jdk7u25/hotspot/src/share/vm/prims/jvm.cpp:1235

Events (10 events):
Event: 688.567 loading class 0x00007f48448a8740
Event: 688.567 loading class 0x00007f48448a8740 done
Event: 688.567 loading class 0x00007f48448a8740
Event: 688.567 loading class 0x00007f48448a8740 done
Event: 688.567 loading class 0x00007f48448a8740
Event: 688.567 loading class 0x00007f48448a8740 done
Event: 688.569 Executing VM operation: GenCollectForAllocation
Event: 688.583 Executing VM operation: GenCollectForAllocation done
Event: 688.590 Thread 0x00007f484000b800 DEOPT PACKING pc=0x00007f48552529f4 sp=0x00007f485cf52470
Event: 688.590 Thread 0x00007f484000b800 DEOPT UNPACKING pc=0x00007f4855039145 sp=0x00007f485cf52448 mode 2


Dynamic libraries:
00400000-00401000 r-xp 00000000 08:01 3411560                            /usr/lib/jvm/java-7-oracle/bin/java
00600000-00601000 rw-p 00000000 08:01 3411560                            /usr/lib/jvm/java-7-oracle/bin/java
00bf8000-00c19000 rw-p 00000000 00:00 0                                  [heap]
80000000-81690000 rw-p 00000000 00:00 0 
81690000-95550000 rw-p 00000000 00:00 0 
95550000-9824c000 rw-p 00000000 00:00 0 
9824c000-c0000000 rw-p 00000000 00:00 0 
c0000000-c3f40000 rw-p 00000000 00:00 0 
c3f40000-100000000 rw-p 00000000 00:00 0 
7f4838000000-7f483bfbd000 rw-p 00000000 00:00 0 
7f483bfbd000-7f483c000000 ---p 00000000 00:00 0 
7f483c000000-7f483c021000 rw-p 00000000 00:00 0 
7f483c021000-7f4840000000 ---p 00000000 00:00 0 
7f4840000000-7f4840042000 rw-p 00000000 00:00 0 
7f4840042000-7f4844000000 ---p 00000000 00:00 0 
7f4844000000-7f48458fc000 rw-p 00000000 00:00 0 
7f48458fc000-7f4848000000 ---p 00000000 00:00 0 
7f4848000000-7f4848021000 rw-p 00000000 00:00 0 
7f4848021000-7f484c000000 ---p 00000000 00:00 0 
7f484c000000-7f484c04f000 rw-p 00000000 00:00 0 
7f484c04f000-7f4850000000 ---p 00000000 00:00 0 
7f4850000000-7f48501e4000 rw-p 00000000 00:00 0 
7f48501e4000-7f4854000000 ---p 00000000 00:00 0 
7f4855000000-7f4855490000 rwxp 00000000 00:00 0 
7f4855490000-7f48597a3000 rw-p 00000000 00:00 0 
7f48597a3000-7f485c000000 ---p 00000000 00:00 0 
7f485c4ee000-7f485c4f1000 r--s 00009000 08:01 1317129                    /tmp/Jetty_0_0_0_0_8080_webapp__sip__.s0kjx8/lib/Jetty-6127857873636695540.jar
7f485c4f1000-7f485c4f3000 r--s 0000b000 08:01 1317128                    /tmp/Jetty_0_0_0_0_8080_webapp__sip__.s0kjx8/lib/Jetty-5084681372259358584.jar
7f485c4f3000-7f485c4fc000 r--s 00059000 08:01 1317127                    /tmp/Jetty_0_0_0_0_8080_webapp__sip__.s0kjx8/lib/Jetty-7314019581383227734.jar
7f485c4fc000-7f485c508000 r--s 0007a000 08:01 1317126                    /tmp/Jetty_0_0_0_0_8080_webapp__sip__.s0kjx8/lib/Jetty-56874765817093239.jar
7f485c508000-7f485c50b000 r--s 00012000 08:01 1317125                    /tmp/Jetty_0_0_0_0_8080_webapp__sip__.s0kjx8/lib/Jetty-6468934305598324143.jar
7f485c50b000-7f485c50c000 r--s 0000c000 08:01 1317124                    /tmp/Jetty_0_0_0_0_8080_webapp__sip__.s0kjx8/lib/Jetty-184878625073492066.jar
7f485c50c000-7f485c50d000 r--s 00002000 08:01 1317123                    /tmp/Jetty_0_0_0_0_8080_webapp__sip__.s0kjx8/lib/Jetty-1363361995307793041.jar
7f485c50d000-7f485c517000 r--s 00064000 08:01 1317122                    /tmp/Jetty_0_0_0_0_8080_webapp__sip__.s0kjx8/lib/Jetty-4717854471639014454.jar
7f485c517000-7f485c523000 r--s 00085000 08:01 1317121                    /tmp/Jetty_0_0_0_0_8080_webapp__sip__.s0kjx8/lib/Jetty-8612684571826588393.jar
7f485c523000-7f485c52c000 r--s 00051000 08:01 1317120                    /tmp/Jetty_0_0_0_0_8080_webapp__sip__.s0kjx8/lib/Jetty-2920712664969658782.jar
7f485c52c000-7f485c52e000 r--s 00014000 08:01 1317119                    /tmp/Jetty_0_0_0_0_8080_webapp__sip__.s0kjx8/lib/Jetty-2171219073345830640.jar
7f485c52e000-7f485c531000 r--s 00018000 08:01 1317118                    /tmp/Jetty_0_0_0_0_8080_webapp__sip__.s0kjx8/lib/Jetty-6768791878570951542.jar
7f485c531000-7f485c532000 r--s 00000000 08:01 1317117                    /tmp/Jetty_0_0_0_0_8080_webapp__sip__.s0kjx8/lib/Jetty-5050665639484046077.jar
7f485c532000-7f485c536000 r--s 0003d000 08:01 1317116                    /tmp/Jetty_0_0_0_0_8080_webapp__sip__.s0kjx8/lib/Jetty-1899444029605508955.jar
7f485c536000-7f485c538000 r--s 00005000 08:01 1317115                    /tmp/Jetty_0_0_0_0_8080_webapp__sip__.s0kjx8/lib/Jetty-7514635671540674672.jar
7f485c538000-7f485c541000 r--s 00049000 08:01 1317114                    /tmp/Jetty_0_0_0_0_8080_webapp__sip__.s0kjx8/lib/Jetty-3489597630497162180.jar
7f485c541000-7f485c54a000 r--s 0005e000 08:01 1317113                    /tmp/Jetty_0_0_0_0_8080_webapp__sip__.s0kjx8/lib/Jetty-9058817354747127051.jar
7f485c54a000-7f485c54c000 r--s 00000000 08:01 1317112                    /tmp/Jetty_0_0_0_0_8080_webapp__sip__.s0kjx8/lib/Jetty-1158236790281812569.jar
7f485c54c000-7f485c555000 r--s 0006d000 08:01 1317109                    /tmp/Jetty_0_0_0_0_8080_webapp__sip__.s0kjx8/lib/Jetty-8449076568536434429.jar
7f485c555000-7f485c557000 r--s 0000e000 08:01 1317108                    /tmp/Jetty_0_0_0_0_8080_webapp__sip__.s0kjx8/lib/Jetty-1211721817294038908.jar
7f485c557000-7f485c56c000 r--s 000b7000 08:01 1317107                    /tmp/Jetty_0_0_0_0_8080_webapp__sip__.s0kjx8/lib/Jetty-1667984086669809833.jar
7f485c56c000-7f485c572000 r--s 00048000 08:01 1317106                    /tmp/Jetty_0_0_0_0_8080_webapp__sip__.s0kjx8/lib/Jetty-8917130962273602345.jar
7f485c572000-7f485c57d000 r--s 00082000 08:01 1317105                    /tmp/Jetty_0_0_0_0_8080_webapp__sip__.s0kjx8/lib/Jetty-8170583553177638105.jar
7f485c57d000-7f485c583000 r--s 00028000 08:01 1317104                    /tmp/Jetty_0_0_0_0_8080_webapp__sip__.s0kjx8/lib/Jetty-9154132350702321350.jar
7f485c583000-7f485c587000 r--s 00027000 08:01 1317103                    /tmp/Jetty_0_0_0_0_8080_webapp__sip__.s0kjx8/lib/Jetty-5703673090413429237.jar
7f485c587000-7f485c589000 r--s 0059c000 08:01 5376506                    /home/ian/.m2/repository/com/springinpractice/com.springinpractice.skin/1.0-RELEASE/com.springinpractice.skin-1.0-RELEASE.war
7f485c58e000-7f485c591000 ---p 00000000 00:00 0 
7f485c591000-7f485c68f000 rw-p 00000000 00:00 0                          [stack:16036]
7f485c68f000-7f485c692000 ---p 00000000 00:00 0 
7f485c692000-7f485c790000 rw-p 00000000 00:00 0                          [stack:16035]
7f485c790000-7f485c793000 ---p 00000000 00:00 0 
7f485c793000-7f485c891000 rw-p 00000000 00:00 0                          [stack:15833]
7f485c891000-7f485c894000 ---p 00000000 00:00 0 
7f485c894000-7f485c992000 rw-p 00000000 00:00 0                          [stack:15832]
7f485c992000-7f485c995000 ---p 00000000 00:00 0 
7f485c995000-7f485ca93000 rw-p 00000000 00:00 0                          [stack:15831]
7f485ca93000-7f485ca96000 ---p 00000000 00:00 0 
7f485ca96000-7f485cb94000 rw-p 00000000 00:00 0                          [stack:16034]
7f485cb94000-7f485cb9d000 r--s 0006d000 08:01 5246247                    /home/ian/.m2/repository/log4j/log4j/1.2.16/log4j-1.2.16.jar
7f485cb9d000-7f485cb9e000 r--s 00002000 08:01 5246246                    /home/ian/.m2/repository/org/slf4j/slf4j-log4j12/1.6.4/slf4j-log4j12-1.6.4.jar
7f485cb9e000-7f485cba0000 r--s 00005000 08:01 5246245                    /home/ian/.m2/repository/org/slf4j/slf4j-api/1.6.4/slf4j-api-1.6.4.jar
7f485cba0000-7f485cba3000 r--s 00009000 08:01 5246244                    /home/ian/.m2/repository/javax/validation/validation-api/1.0.0.GA/validation-api-1.0.0.GA.jar
7f485cba3000-7f485cbac000 r--s 00051000 08:01 5246036                    /home/ian/.m2/repository/org/hibernate/hibernate-validator/4.2.0.Final/hibernate-validator-4.2.0.Final.jar
7f485cbac000-7f485cbb0000 r--s 00027000 08:01 5246235                    /home/ian/.m2/repository/org/springframework/org.springframework.expression/3.1.2.RELEASE/org.springframework.expression-3.1.2.RELEASE.jar
7f485cbb0000-7f485cbb9000 r--s 00049000 08:01 5246233                    /home/ian/.m2/repository/org/springframework/org.springframework.aop/3.1.2.RELEASE/org.springframework.aop-3.1.2.RELEASE.jar
7f485cbb9000-7f485cbce000 r--s 000b7000 08:01 5246232                    /home/ian/.m2/repository/org/springframework/org.springframework.context/3.1.2.RELEASE/org.springframework.context-3.1.2.RELEASE.jar
7f485cbce000-7f485cbcf000 r--s 0000c000 08:01 5246231                    /home/ian/.m2/repository/org/springframework/org.springframework.asm/3.1.2.RELEASE/org.springframework.asm-3.1.2.RELEASE.jar
7f485cbcf000-7f485cbdb000 r--s 00085000 08:01 5246230                    /home/ian/.m2/repository/org/springframework/org.springframework.beans/3.1.2.RELEASE/org.springframework.beans-3.1.2.RELEASE.jar
7f485cbdb000-7f485cbdd000 r--s 0000b000 08:01 5246229                    /home/ian/.m2/repository/org/springframework/org.springframework.aspects/3.1.2.RELEASE/org.springframework.aspects-3.1.2.RELEASE.jar
7f485cbdd000-7f485cbe7000 r--s 00064000 08:01 5246228                    /home/ian/.m2/repository/org/springframework/org.springframework.core/3.1.2.RELEASE/org.springframework.core-3.1.2.RELEASE.jar
7f485cbe7000-7f485cbed000 r--s 00048000 08:01 5246023                    /home/ian/.m2/repository/org/apache/commons/commons-lang3/3.1/commons-lang3-3.1.jar
7f485cbed000-7f485cbf1000 r--s 0003d000 08:01 5246256                    /home/ian/.m2/repository/org/apache/commons/com.springsource.org.apache.commons.lang/2.4.0/com.springsource.org.apache.commons.lang-2.4.0.jar
7f485cbf1000-7f485cbf3000 r--s 0000e000 08:01 5246255                    /home/ian/.m2/repository/org/apache/commons/com.springsource.org.apache.commons.logging/1.1.1/com.springsource.org.apache.commons.logging-1.1.1.jar
7f485cbf3000-7f485cbf4000 r--s 00000000 08:01 5246254                    /home/ian/.m2/repository/javax/inject/com.springsource.javax.inject/1.0.0/com.springsource.javax.inject-1.0.0.jar
7f485cbf4000-7f485cbfa000 r--s 00028000 08:01 5373960                    /home/ian/.m2/repository/com/opensymphony/sitemesh/com.springsource.com.opensymphony.sitemesh/2.4.1/com.springsource.com.opensymphony.sitemesh-2.4.1.jar
7f485cbfa000-7f485cbfd000 r--s 00018000 08:01 5246629                    /home/ian/.m2/repository/org/springframework/org.springframework.context.support/3.1.2.RELEASE/org.springframework.context.support-3.1.2.RELEASE.jar
7f485cbfd000-7f485cc08000 r--s 00082000 08:01 5246628                    /home/ian/.m2/repository/org/springframework/org.springframework.web.servlet/3.1.2.RELEASE/org.springframework.web.servlet-3.1.2.RELEASE.jar
7f485cc08000-7f485cc14000 r--s 0007a000 08:01 5246627                    /home/ian/.m2/repository/org/springframework/org.springframework.web/3.1.2.RELEASE/org.springframework.web-3.1.2.RELEASE.jar
7f485cc14000-7f485cc1d000 r--s 00059000 08:01 5246576                    /home/ian/.m2/repository/org/apache/taglibs/com.springsource.org.apache.taglibs.standard/1.1.2/com.springsource.org.apache.taglibs.standard-1.1.2.jar
7f485cc1d000-7f485cc26000 r--s 0005e000 08:01 5246575                    /home/ian/.m2/repository/javax/servlet/com.springsource.javax.servlet.jsp.jstl/1.2.0/com.springsource.javax.servlet.jsp.jstl-1.2.0.jar
7f485cc26000-7f485cc29000 r--s 00012000 08:01 5246574                    /home/ian/.m2/repository/javax/servlet/com.springsource.javax.servlet.jsp/2.1.0/com.springsource.javax.servlet.jsp-2.1.0.jar
7f485cc29000-7f485cc2b000 r--s 00014000 08:01 5246291                    /home/ian/.m2/repository/javax/servlet/com.springsource.javax.servlet/2.5.0/com.springsource.javax.servlet-2.5.0.jar
7f485cc2b000-7f485cc34000 r--s 00095000 08:01 5246434                    /home/ian/.m2/repository/javassist/javassist/3.12.1.GA/javassist-3.12.1.GA.jar
7f485cc34000-7f485cc3a000 r--s 0004a000 08:01 5246431                    /home/ian/.m2/repository/cglib/cglib-nodep/2.2.2/cglib-nodep-2.2.2.jar
7f485cc3a000-7f485cc3c000 r--s 0000e000 08:01 5246420                    /home/ian/.m2/repository/org/apache/commons/com.springsource.org.apache.commons.pool/1.3.0/com.springsource.org.apache.commons.pool-1.3.0.jar
7f485cc3c000-7f485cc3e000 r--s 0001c000 08:01 5246418                    /home/ian/.m2/repository/org/apache/commons/com.springsource.org.apache.commons.dbcp/1.2.2.osgi/com.springsource.org.apache.commons.dbcp-1.2.2.osgi.jar
7f485cc3e000-7f485cc44000 r--s 000a7000 08:01 5246417                    /home/ian/.m2/repository/com/mysql/jdbc/com.springsource.com.mysql.jdbc/5.1.6/com.springsource.com.mysql.jdbc-5.1.6.jar
7f485cc44000-7f485cc49000 r--s 00015000 08:01 5246425                    /home/ian/.m2/repository/org/hibernate/javax/persistence/hibernate-jpa-2.0-api/1.0.1.Final/hibernate-jpa-2.0-api-1.0.1.Final.jar
7f485cc49000-7f485cc4c000 r--s 0000f000 08:01 5246424                    /home/ian/.m2/repository/org/hibernate/hibernate-commons-annotations/3.2.0.Final/hibernate-commons-annotations-3.2.0.Final.jar
7f485cc4c000-7f485cc51000 r--s 00048000 08:01 5246423                    /home/ian/.m2/repository/dom4j/dom4j/1.6.1/dom4j-1.6.1.jar
7f485cc51000-7f485cc5e000 r--s 0007c000 08:01 5246422                    /home/ian/.m2/repository/commons-collections/commons-collections/3.1/commons-collections-3.1.jar
7f485cc5e000-7f485cc64000 r--s 00067000 08:01 5246421                    /home/ian/.m2/repository/antlr/antlr/2.7.6/antlr-2.7.6.jar
7f485cc64000-7f485cc96000 r--s 002c8000 08:01 5246416                    /home/ian/.m2/repository/org/hibernate/hibernate-core/3.6.8.Final/hibernate-core-3.6.8.Final.jar
7f485cc96000-7f485cc98000 r--s 00000000 08:01 5246259                    /home/ian/.m2/repository/org/aopalliance/com.springsource.org.aopalliance/1.0.0/com.springsource.org.aopalliance-1.0.0.jar
7f485cc98000-7f485cc9f000 r--s 00035000 08:01 5246406                    /home/ian/.m2/repository/org/springframework/org.springframework.transaction/3.1.2.RELEASE/org.springframework.transaction-3.1.2.RELEASE.jar
7f485cc9f000-7f485cca9000 r--s 00059000 08:01 5246405                    /home/ian/.m2/repository/org/springframework/org.springframework.jdbc/3.1.2.RELEASE/org.springframework.jdbc-3.1.2.RELEASE.jar
7f485cca9000-7f485ccb2000 r--s 00054000 08:01 5246404                    /home/ian/.m2/repository/org/springframework/org.springframework.orm/3.1.2.RELEASE/org.springframework.orm-3.1.2.RELEASE.jar
7f485ccb2000-7f485ccb3000 r--s 00003000 08:01 5246415                    /home/ian/.m2/repository/javax/transaction/jta/1.1/jta-1.1.jar
7f485ccb3000-7f485ccb8000 r--s 0001c000 08:01 5246402                    /home/ian/.m2/repository/javax/persistence/com.springsource.javax.persistence/2.0.0/com.springsource.javax.persistence-2.0.0.jar
7f485ccb8000-7f485ccb9000 r--s 00001000 08:01 5376402                    /home/ian/.m2/repository/com/springinpractice/com.springinpractice.api/1.0-RELEASE/com.springinpractice.api-1.0-RELEASE.jar
7f485ccb9000-7f485ccbc000 r--s 00009000 08:01 1317100                    /tmp/Jetty_0_0_0_0_8080_webapp__sip__.s0kjx8/lib/Jetty-7677496457386795426.jar (deleted)
7f485ccbc000-7f485ccbe000 r--s 0000b000 08:01 1317099                    /tmp/Jetty_0_0_0_0_8080_webapp__sip__.s0kjx8/lib/Jetty-2945506418840147609.jar (deleted)
7f485ccbe000-7f485ccc7000 r--s 00059000 08:01 1317098                    /tmp/Jetty_0_0_0_0_8080_webapp__sip__.s0kjx8/lib/Jetty-2392064178860615009.jar (deleted)
7f485ccc7000-7f485ccd3000 r--s 0007a000 08:01 1317097                    /tmp/Jetty_0_0_0_0_8080_webapp__sip__.s0kjx8/lib/Jetty-1415095366355160800.jar (deleted)
7f485ccd3000-7f485ccd6000 r--s 00012000 08:01 1317096                    /tmp/Jetty_0_0_0_0_8080_webapp__sip__.s0kjx8/lib/Jetty-4227597817309708472.jar (deleted)
7f485ccd6000-7f485ccd7000 r--s 0000c000 08:01 1317095                    /tmp/Jetty_0_0_0_0_8080_webapp__sip__.s0kjx8/lib/Jetty-7249131464993672273.jar (deleted)
7f485ccd7000-7f485ccd8000 r--s 00002000 08:01 1317094                    /tmp/Jetty_0_0_0_0_8080_webapp__sip__.s0kjx8/lib/Jetty-3407748011856519967.jar (deleted)
7f485ccd8000-7f485cce2000 r--s 00064000 08:01 1317093                    /tmp/Jetty_0_0_0_0_8080_webapp__sip__.s0kjx8/lib/Jetty-1152566250093764717.jar (deleted)
7f485cce2000-7f485ccee000 r--s 00085000 08:01 1317092                    /tmp/Jetty_0_0_0_0_8080_webapp__sip__.s0kjx8/lib/Jetty-3470208897622004068.jar (deleted)
7f485ccee000-7f485ccf7000 r--s 00051000 08:01 1317091                    /tmp/Jetty_0_0_0_0_8080_webapp__sip__.s0kjx8/lib/Jetty-3697102018811938754.jar (deleted)
7f485ccf7000-7f485ccf9000 r--s 00014000 08:01 1317090                    /tmp/Jetty_0_0_0_0_8080_webapp__sip__.s0kjx8/lib/Jetty-7845383167634188863.jar (deleted)
7f485ccf9000-7f485ccfc000 r--s 00018000 08:01 1317089                    /tmp/Jetty_0_0_0_0_8080_webapp__sip__.s0kjx8/lib/Jetty-187151261387527871.jar (deleted)
7f485ccfc000-7f485ccfd000 r--s 00000000 08:01 1317088                    /tmp/Jetty_0_0_0_0_8080_webapp__sip__.s0kjx8/lib/Jetty-4742692660099437221.jar (deleted)
7f485ccfd000-7f485cd01000 r--s 0003d000 08:01 1317087                    /tmp/Jetty_0_0_0_0_8080_webapp__sip__.s0kjx8/lib/Jetty-7167192477208401383.jar (deleted)
7f485cd01000-7f485cd03000 r--s 00005000 08:01 1317086                    /tmp/Jetty_0_0_0_0_8080_webapp__sip__.s0kjx8/lib/Jetty-6542088493070743083.jar (deleted)
7f485cd03000-7f485cd0c000 r--s 00049000 08:01 1317085                    /tmp/Jetty_0_0_0_0_8080_webapp__sip__.s0kjx8/lib/Jetty-5214515651538635690.jar (deleted)
7f485cd0c000-7f485cd15000 r--s 0005e000 08:01 1317084                    /tmp/Jetty_0_0_0_0_8080_webapp__sip__.s0kjx8/lib/Jetty-5103970550519418779.jar (deleted)
7f485cd15000-7f485cd17000 r--s 00000000 08:01 1317083                    /tmp/Jetty_0_0_0_0_8080_webapp__sip__.s0kjx8/lib/Jetty-6236009383654272876.jar (deleted)
7f485cd17000-7f485cd20000 r--s 0006d000 08:01 1317082                    /tmp/Jetty_0_0_0_0_8080_webapp__sip__.s0kjx8/lib/Jetty-5452064895521656138.jar (deleted)
7f485cd20000-7f485cd22000 r--s 0000e000 08:01 1317081                    /tmp/Jetty_0_0_0_0_8080_webapp__sip__.s0kjx8/lib/Jetty-2360105475305287222.jar (deleted)
7f485cd22000-7f485cd37000 r--s 000b7000 08:01 1317080                    /tmp/Jetty_0_0_0_0_8080_webapp__sip__.s0kjx8/lib/Jetty-1878507060823354665.jar (deleted)
7f485cd37000-7f485cd3d000 r--s 00048000 08:01 1317079                    /tmp/Jetty_0_0_0_0_8080_webapp__sip__.s0kjx8/lib/Jetty-2748277254747138432.jar (deleted)
7f485cd3d000-7f485cd48000 r--s 00082000 08:01 1317078                    /tmp/Jetty_0_0_0_0_8080_webapp__sip__.s0kjx8/lib/Jetty-9128855122305414125.jar (deleted)
7f485cd48000-7f485cd4e000 r--s 00028000 08:01 1317077                    /tmp/Jetty_0_0_0_0_8080_webapp__sip__.s0kjx8/lib/Jetty-1529737982290256478.jar (deleted)
7f485cd4e000-7f485cd52000 r--s 00027000 08:01 1317076                    /tmp/Jetty_0_0_0_0_8080_webapp__sip__.s0kjx8/lib/Jetty-6908484808067772003.jar (deleted)
7f485cd52000-7f485cd54000 r--s 0059c000 08:01 5376506                    /home/ian/.m2/repository/com/springinpractice/com.springinpractice.skin/1.0-RELEASE/com.springinpractice.skin-1.0-RELEASE.war
7f485cd54000-7f485cd57000 ---p 00000000 00:00 0 
7f485cd57000-7f485ce55000 rw-p 00000000 00:00 0                          [stack:15828]
7f485ce55000-7f485ce58000 ---p 00000000 00:00 0 
7f485ce58000-7f485cf56000 rw-p 00000000 00:00 0                          [stack:15955]
7f485cf56000-7f485cf60000 r--s 00254000 08:01 3279458                    /usr/lib/jvm/java-7-oracle/jre/lib/resources.jar
7f485cf60000-7f485cf62000 r--s 00003000 08:01 5377042                    /home/ian/.m2/repository/org/mortbay/jetty/start/6.1.21/start-6.1.21.jar
7f485cf62000-7f485cf63000 r--s 00002000 08:01 5377037                    /home/ian/.m2/repository/org/apache/geronimo/specs/geronimo-annotation_1.0_spec/1.0/geronimo-annotation_1.0_spec-1.0.jar
7f485cf63000-7f485cf65000 r--s 00002000 08:01 5377035                    /home/ian/.m2/repository/org/mortbay/jetty/jetty-annotations/6.1.21/jetty-annotations-6.1.21.jar
7f485cf65000-7f485cf74000 r--s 000ee000 08:01 5377033                    /home/ian/.m2/repository/ant/ant/1.6.5/ant-1.6.5.jar
7f485cf74000-7f485cf85000 r--s 000ea000 08:01 5377031                    /home/ian/.m2/repository/org/mortbay/jetty/jsp-2.1-glassfish/9.1.1.B60.25.p2/jsp-2.1-glassfish-9.1.1.B60.25.p2.jar
7f485cf85000-7f485cf88000 r--s 0001e000 08:01 5377030                    /home/ian/.m2/repository/org/mortbay/jetty/jsp-api-2.1-glassfish/9.1.1.B60.25.p2/jsp-api-2.1-glassfish-9.1.1.B60.25.p2.jar
7f485cf88000-7f485cfab000 r--s 00344000 08:01 5377046                    /home/ian/.m2/repository/org/eclipse/jdt/core/3.1.1/core-3.1.1.jar
7f485cfab000-7f485cfad000 r--s 00000000 08:01 5377028                    /home/ian/.m2/repository/org/mortbay/jetty/jsp-2.1-jetty/6.1.21/jsp-2.1-jetty-6.1.21.jar
7f485cfad000-7f485cfaf000 r--s 00007000 08:01 5377026                    /home/ian/.m2/repository/org/mortbay/jetty/jetty-management/6.1.21/jetty-management-6.1.21.jar
7f485cfaf000-7f485cfb1000 r--s 0000e000 08:01 5377021                    /home/ian/.m2/repository/javax/activation/activation/1.1/activation-1.1.jar
7f485cfb1000-7f485cfb7000 r--s 00059000 08:01 5377022                    /home/ian/.m2/repository/javax/mail/mail/1.4/mail-1.4.jar
7f485cfb7000-7f485cfb8000 r--s 00006000 08:01 5377023                    /home/ian/.m2/repository/org/mortbay/jetty/jetty-naming/6.1.21/jetty-naming-6.1.21.jar
7f485cfb8000-7f485cfba000 r--s 00002000 08:01 5376956                    /home/ian/.m2/repository/geronimo-spec/geronimo-spec-jta/1.0.1B-rc4/geronimo-spec-jta-1.0.1B-rc4.jar
7f485cfba000-7f485cfbc000 r--s 0000d000 08:01 5376954                    /home/ian/.m2/repository/org/mortbay/jetty/jetty-plus/6.1.21/jetty-plus-6.1.21.jar
7f485cfbc000-7f485cfbe000 r--s 00004000 08:01 5376952                    /home/ian/.m2/repository/org/apache/maven/maven-plugin-tools-api/2.0/maven-plugin-tools-api-2.0.jar
7f485cfbe000-7f485cfc1000 r--s 0001b000 08:01 5376948                    /home/ian/.m2/repository/junit/junit/3.8.2/junit-3.8.2.jar
7f485cfc1000-7f485cfc4000 r--s 00027000 08:01 5376947                    /home/ian/.m2/repository/org/codehaus/plexus/plexus-utils/1.1/plexus-utils-1.1.jar
7f485cfc4000-7f485cfc6000 r--s 0001f000 08:01 5376946                    /home/ian/.m2/repository/org/mortbay/jetty/servlet-api/2.5-20081211/servlet-api-2.5-20081211.jar
7f485cfc6000-7f485cfc9000 r--s 00028000 08:01 5376949                    /home/ian/.m2/repository/org/mortbay/jetty/jetty-util/6.1.21/jetty-util-6.1.21.jar
7f485cfc9000-7f485cfd0000 r--s 0007c000 08:01 5376950                    /home/ian/.m2/repository/org/mortbay/jetty/jetty/6.1.21/jetty-6.1.21.jar
7f485cfd0000-7f485cfd2000 r--s 0000a000 08:01 5376693                    /home/ian/.m2/repository/org/mortbay/jetty/maven-jetty-plugin/6.1.21/maven-jetty-plugin-6.1.21.jar
7f485cfd2000-7f485d03d000 r--s 00e18000 08:01 3411741                    /usr/lib/jvm/java-7-oracle/lib/tools.jar
7f485d03d000-7f485d040000 ---p 00000000 00:00 0 
7f485d040000-7f485d13f000 rw-p 00000000 00:00 0                          [stack:15823]
7f485d13f000-7f485d149000 r--s 00371000 08:01 3279587                    /usr/lib/jvm/java-7-oracle/jre/lib/charsets.jar
7f485d149000-7f485d153000 r--s 00371000 08:01 3279587                    /usr/lib/jvm/java-7-oracle/jre/lib/charsets.jar
7f485d153000-7f485d154000 r--s 00003000 08:01 5246002                    /home/ian/.m2/repository/org/codehaus/plexus/plexus-compiler-javac/1.9.1/plexus-compiler-javac-1.9.1.jar
7f485d154000-7f485d156000 r--s 00000000 08:01 5246001                    /home/ian/.m2/repository/org/codehaus/plexus/plexus-compiler-manager/1.9.1/plexus-compiler-manager-1.9.1.jar
7f485d156000-7f485d158000 r--s 00004000 08:01 5246000                    /home/ian/.m2/repository/org/codehaus/plexus/plexus-compiler-api/1.9.1/plexus-compiler-api-1.9.1.jar
7f485d158000-7f485d15c000 r--s 00034000 08:01 5245999                    /home/ian/.m2/repository/org/codehaus/plexus/plexus-utils/3.0/plexus-utils-3.0.jar
7f485d15c000-7f485d15d000 r--s 00007000 08:01 5245654                    /home/ian/.m2/repository/org/apache/maven/plugins/maven-compiler-plugin/2.5.1/maven-compiler-plugin-2.5.1.jar
7f485d15d000-7f485d15f000 r--s 0000b000 08:01 5376588                    /home/ian/.m2/repository/org/codehaus/plexus/plexus-interpolation/1.6/plexus-interpolation-1.6.jar
7f485d15f000-7f485d161000 r--s 00002000 08:01 5246685                    /home/ian/.m2/repository/org/codehaus/plexus/plexus-interactivity-api/1.0-alpha-4/plexus-interactivity-api-1.0-alpha-4.jar
7f485d161000-7f485d163000 r--s 00006000 08:01 5246684                    /home/ian/.m2/repository/commons-cli/commons-cli/1.0/commons-cli-1.0.jar
7f485d163000-7f485d164000 r--s 00001000 08:01 5246683                    /home/ian/.m2/repository/org/apache/maven/doxia/doxia-sink-api/1.0-alpha-7/doxia-sink-api-1.0-alpha-7.jar
7f485d164000-7f485d165000 r--s 00002000 08:01 5246680                    /home/ian/.m2/repository/org/apache/maven/reporting/maven-reporting-api/2.0.6/maven-reporting-api-2.0.6.jar
7f485d165000-7f485d167000 r--s 00007000 08:01 5374277                    /home/ian/.m2/repository/org/apache/maven/shared/maven-filtering/1.0-beta-2/maven-filtering-1.0-beta-2.jar
7f485d167000-7f485d169000 r--s 00004000 08:01 5247522                    /home/ian/.m2/repository/org/apache/maven/plugins/maven-resources-plugin/2.3/maven-resources-plugin-2.3.jar
7f485d169000-7f485d16e000 r--s 00039000 08:01 5377016                    /home/ian/.m2/repository/org/codehaus/plexus/plexus-utils/1.5.6/plexus-utils-1.5.6.jar
7f485d16e000-7f485d170000 r--s 00008000 08:01 5377015                    /home/ian/.m2/repository/org/apache/maven/shared/maven-shared-io/1.1/maven-shared-io-1.1.jar
7f485d170000-7f485d172000 r--s 00008000 08:01 5377014                    /home/ian/.m2/repository/org/apache/maven/shared/file-management/1.2.1/file-management-1.2.1.jar
7f485d172000-7f485d175000 r--s 0001b000 08:01 5246003                    /home/ian/.m2/repository/junit/junit/3.8.1/junit-3.8.1.jar
7f485d175000-7f485d177000 r--s 00003000 08:01 5247516                    /home/ian/.m2/repository/org/apache/maven/plugins/maven-clean-plugin/2.3/maven-clean-plugin-2.3.jar
7f485d177000-7f485d17a000 ---p 00000000 00:00 0 
7f485d17a000-7f485d19f000 rw-p 00000000 00:00 0 
7f485d19f000-7f485d1a3000 r--s 0008a000 08:01 3279592                    /usr/lib/jvm/java-7-oracle/jre/lib/jsse.jar
7f485d1a3000-7f485d1d4000 rw-p 00000000 00:00 0 
7f485d1d4000-7f485d1e9000 r-xp 00000000 08:01 3279533                    /usr/lib/jvm/java-7-oracle/jre/lib/amd64/libnet.so
7f485d1e9000-7f485d3e9000 ---p 00015000 08:01 3279533                    /usr/lib/jvm/java-7-oracle/jre/lib/amd64/libnet.so
7f485d3e9000-7f485d3ea000 rw-p 00015000 08:01 3279533                    /usr/lib/jvm/java-7-oracle/jre/lib/amd64/libnet.so
7f485d3ea000-7f485d3fa000 r-xp 00000000 08:01 3279557                    /usr/lib/jvm/java-7-oracle/jre/lib/amd64/libnio.so
7f485d3fa000-7f485d5fa000 ---p 00010000 08:01 3279557                    /usr/lib/jvm/java-7-oracle/jre/lib/amd64/libnio.so
7f485d5fa000-7f485d5fb000 rw-p 00010000 08:01 3279557                    /usr/lib/jvm/java-7-oracle/jre/lib/amd64/libnio.so
7f485d5fb000-7f485d601000 r--s 0002c000 08:01 1057377                    /usr/share/java/sisu-inject-plexus.jar
7f485d601000-7f485d603000 r--s 0000a000 08:01 1712477                    /usr/share/maven/lib/maven-artifact-3.0.4.jar
7f485d603000-7f485d605000 r--s 00009000 08:01 1712486                    /usr/share/maven/lib/maven-settings-3.0.4.jar
7f485d605000-7f485d607000 r--s 00008000 08:01 1712480                    /usr/share/maven/lib/maven-embedder-3.0.4.jar
7f485d607000-7f485d609000 r--s 00007000 08:01 1712485                    /usr/share/maven/lib/maven-settings-builder-3.0.4.jar
7f485d609000-7f485d60b000 r--s 00003000 08:01 1056999                    /usr/share/java/jsr305-0.1~+svn49.jar
7f485d60b000-7f485d622000 r--s 000de000 08:01 1057353                    /usr/share/java/guava-r09.jar
7f485d622000-7f485d62e000 r--s 00082000 08:01 3540416                    /usr/share/maven-repo/org/sonatype/sisu/sisu-guice/3.1.0/sisu-guice-3.1.0.jar
7f485d62e000-7f485d632000 r--s 00033000 08:01 1057335                    /usr/share/java/plexus-utils2-2.0.5.jar
7f485d632000-7f485d634000 r--s 00025000 08:01 1712482                    /usr/share/maven/lib/maven-model-3.0.4.jar
7f485d634000-7f485d636000 r--s 00005000 08:01 1712484                    /usr/share/maven/lib/maven-repository-metadata-3.0.4.jar
7f485d636000-7f485d638000 r--s 00007000 08:01 1056997                    /usr/share/java/commons-cli-1.2.jar
7f485d638000-7f485d63a000 r--s 00006000 08:01 3540621                    /usr/share/maven-repo/org/sonatype/aether/aether-connector-wagon/1.13.1/aether-connector-wagon-1.13.1.jar
7f485d63a000-7f485d63b000 r--s 00001000 08:01 1057251                    /usr/share/java/wagon-http.jar
7f485d63b000-7f485d63c000 r--s 00001000 08:01 1057247                    /usr/share/java/wagon-file.jar
7f485d63c000-7f485d63e000 r--s 0000a000 08:01 1057245                    /usr/share/java/wagon-provider-api.jar
7f485d63e000-7f485d641000 r--s 00013000 08:01 3540603                    /usr/share/maven-repo/org/sonatype/aether/aether-api/1.13.1/aether-api-1.13.1.jar
7f485d641000-7f485d643000 r--s 00002000 08:01 3539638                    /usr/share/maven-repo/org/sonatype/plexus/plexus-cipher/1.5/plexus-cipher-1.5.jar
7f485d643000-7f485d645000 r--s 0000b000 08:01 3539201                    /usr/share/maven-repo/org/codehaus/plexus/plexus-interpolation/1.11/plexus-interpolation-1.11.jar
7f485d645000-7f485d646000 r--s 00006000 08:01 3539645                    /usr/share/maven-repo/org/sonatype/plexus/plexus-sec-dispatcher/1.3.1/plexus-sec-dispatcher-1.3.1.jar
7f485d646000-7f485d64a000 r--s 00020000 08:01 1712481                    /usr/share/maven/lib/maven-model-builder-3.0.4.jar
7f485d64a000-7f485d64c000 r--s 00009000 08:01 1712483                    /usr/share/maven/lib/maven-plugin-api-3.0.4.jar
7f485d64c000-7f485d64f000 r--s 0001d000 08:01 3540615                    /usr/share/maven-repo/org/sonatype/aether/aether-impl/1.13.1/aether-impl-1.13.1.jar
7f485d64f000-7f485d65b000 r--s 0007c000 08:01 1712479                    /usr/share/maven/lib/maven-core-3.0.4.jar
7f485d65b000-7f485d65f000 r--s 0001c000 08:01 3540586                    /usr/share/maven-repo/org/sonatype/aether/aether-util/1.13.1/aether-util-1.13.1.jar
7f485d65f000-7f485d661000 r--s 0000c000 08:01 1056834                    /usr/share/java/commons-logging-1.1.1.jar
7f485d661000-7f485d664000 r--s 00011000 08:01 1057026                    /usr/share/java/commons-codec-1.5.jar
7f485d664000-7f485d66a000 r--s 00045000 08:01 1057167                    /usr/share/java/commons-httpclient-3.1.jar
7f485d66a000-7f485d671000 r--s 00040000 08:01 1057369                    /usr/share/java/sisu-inject-bean.jar
7f485d671000-7f485d677000 r--s 0003e000 08:01 1712478                    /usr/share/maven/lib/maven-compat-3.0.4.jar
7f485d677000-7f485d679000 r--s 0000a000 08:01 1056977                    /usr/share/java/plexus-classworlds2-2.4.jar
7f485d679000-7f485d67a000 ---p 00000000 00:00 0 
7f485d67a000-7f485d77a000 rw-p 00000000 00:00 0                          [stack:15822]
7f485d77a000-7f485d77d000 ---p 00000000 00:00 0 
7f485d77d000-7f485d87b000 rw-p 00000000 00:00 0                          [stack:15821]
7f485d87b000-7f485d87e000 ---p 00000000 00:00 0 
7f485d87e000-7f485d97c000 rw-p 00000000 00:00 0                          [stack:15820]
7f485d97c000-7f485d97f000 ---p 00000000 00:00 0 
7f485d97f000-7f485da7d000 rw-p 00000000 00:00 0                          [stack:15819]
7f485da7d000-7f485da80000 ---p 00000000 00:00 0 
7f485da80000-7f485db7e000 rw-p 00000000 00:00 0                          [stack:15818]
7f485db7e000-7f485e261000 r--p 00000000 08:01 793174                     /usr/lib/locale/locale-archive
7f485e261000-7f485e264000 ---p 00000000 00:00 0 
7f485e264000-7f485e362000 rw-p 00000000 00:00 0                          [stack:15817]
7f485e362000-7f485e365000 ---p 00000000 00:00 0 
7f485e365000-7f485e463000 rw-p 00000000 00:00 0                          [stack:15816]
7f485e463000-7f485e464000 ---p 00000000 00:00 0 
7f485e464000-7f485e5d4000 rw-p 00000000 00:00 0                          [stack:15815]
7f485e5d4000-7f485e791000 r--s 039f9000 08:01 3279461                    /usr/lib/jvm/java-7-oracle/jre/lib/rt.jar
7f485e791000-7f485e7b1000 rw-p 00000000 00:00 0 
7f485e7b1000-7f485e992000 rw-p 00000000 00:00 0 
7f485e992000-7f485e9a9000 rw-p 00000000 00:00 0 
7f485e9a9000-7f485eae8000 rw-p 00000000 00:00 0 
7f485eae8000-7f485eaf4000 rw-p 00000000 00:00 0 
7f485eaf4000-7f485eb92000 rw-p 00000000 00:00 0 
7f485eb92000-7f485ebaa000 rw-p 00000000 00:00 0 
7f485ebaa000-7f485ece8000 rw-p 00000000 00:00 0 
7f485ece8000-7f485ed08000 rw-p 00000000 00:00 0 
7f485ed08000-7f485eee8000 rw-p 00000000 00:00 0 
7f485eee8000-7f485eee9000 rw-p 00000000 00:00 0 
7f485eee9000-7f485ef04000 r-xp 00000000 08:01 3279535                    /usr/lib/jvm/java-7-oracle/jre/lib/amd64/libzip.so
7f485ef04000-7f485f103000 ---p 0001b000 08:01 3279535                    /usr/lib/jvm/java-7-oracle/jre/lib/amd64/libzip.so
7f485f103000-7f485f104000 rw-p 0001a000 08:01 3279535                    /usr/lib/jvm/java-7-oracle/jre/lib/amd64/libzip.so
7f485f104000-7f485f110000 r-xp 00000000 08:01 1441921                    /lib/x86_64-linux-gnu/libnss_files-2.15.so
7f485f110000-7f485f30f000 ---p 0000c000 08:01 1441921                    /lib/x86_64-linux-gnu/libnss_files-2.15.so
7f485f30f000-7f485f310000 r--p 0000b000 08:01 1441921                    /lib/x86_64-linux-gnu/libnss_files-2.15.so
7f485f310000-7f485f311000 rw-p 0000c000 08:01 1441921                    /lib/x86_64-linux-gnu/libnss_files-2.15.so
7f485f311000-7f485f31b000 r-xp 00000000 08:01 1441917                    /lib/x86_64-linux-gnu/libnss_nis-2.15.so
7f485f31b000-7f485f51b000 ---p 0000a000 08:01 1441917                    /lib/x86_64-linux-gnu/libnss_nis-2.15.so
7f485f51b000-7f485f51c000 r--p 0000a000 08:01 1441917                    /lib/x86_64-linux-gnu/libnss_nis-2.15.so
7f485f51c000-7f485f51d000 rw-p 0000b000 08:01 1441917                    /lib/x86_64-linux-gnu/libnss_nis-2.15.so
7f485f51d000-7f485f534000 r-xp 00000000 08:01 1446261                    /lib/x86_64-linux-gnu/libnsl-2.15.so
7f485f534000-7f485f733000 ---p 00017000 08:01 1446261                    /lib/x86_64-linux-gnu/libnsl-2.15.so
7f485f733000-7f485f734000 r--p 00016000 08:01 1446261                    /lib/x86_64-linux-gnu/libnsl-2.15.so
7f485f734000-7f485f735000 rw-p 00017000 08:01 1446261                    /lib/x86_64-linux-gnu/libnsl-2.15.so
7f485f735000-7f485f737000 rw-p 00000000 00:00 0 
7f485f737000-7f485f73f000 r-xp 00000000 08:01 1441922                    /lib/x86_64-linux-gnu/libnss_compat-2.15.so
7f485f73f000-7f485f93e000 ---p 00008000 08:01 1441922                    /lib/x86_64-linux-gnu/libnss_compat-2.15.so
7f485f93e000-7f485f93f000 r--p 00007000 08:01 1441922                    /lib/x86_64-linux-gnu/libnss_compat-2.15.so
7f485f93f000-7f485f940000 rw-p 00008000 08:01 1441922                    /lib/x86_64-linux-gnu/libnss_compat-2.15.so
7f485f940000-7f485f969000 r-xp 00000000 08:01 3279567                    /usr/lib/jvm/java-7-oracle/jre/lib/amd64/libjava.so
7f485f969000-7f485fb69000 ---p 00029000 08:01 3279567                    /usr/lib/jvm/java-7-oracle/jre/lib/amd64/libjava.so
7f485fb69000-7f485fb6b000 rw-p 00029000 08:01 3279567                    /usr/lib/jvm/java-7-oracle/jre/lib/amd64/libjava.so
7f485fb6b000-7f485fb78000 r-xp 00000000 08:01 3279538                    /usr/lib/jvm/java-7-oracle/jre/lib/amd64/libverify.so
7f485fb78000-7f485fd77000 ---p 0000d000 08:01 3279538                    /usr/lib/jvm/java-7-oracle/jre/lib/amd64/libverify.so
7f485fd77000-7f485fd79000 rw-p 0000c000 08:01 3279538                    /usr/lib/jvm/java-7-oracle/jre/lib/amd64/libverify.so
7f485fd79000-7f485fd80000 r-xp 00000000 08:01 1441915                    /lib/x86_64-linux-gnu/librt-2.15.so
7f485fd80000-7f485ff7f000 ---p 00007000 08:01 1441915                    /lib/x86_64-linux-gnu/librt-2.15.so
7f485ff7f000-7f485ff80000 r--p 00006000 08:01 1441915                    /lib/x86_64-linux-gnu/librt-2.15.so
7f485ff80000-7f485ff81000 rw-p 00007000 08:01 1441915                    /lib/x86_64-linux-gnu/librt-2.15.so
7f485ff81000-7f486007c000 r-xp 00000000 08:01 1441919                    /lib/x86_64-linux-gnu/libm-2.15.so
7f486007c000-7f486027b000 ---p 000fb000 08:01 1441919                    /lib/x86_64-linux-gnu/libm-2.15.so
7f486027b000-7f486027c000 r--p 000fa000 08:01 1441919                    /lib/x86_64-linux-gnu/libm-2.15.so
7f486027c000-7f486027d000 rw-p 000fb000 08:01 1441919                    /lib/x86_64-linux-gnu/libm-2.15.so
7f486027d000-7f4860cbe000 r-xp 00000000 08:01 3411540                    /usr/lib/jvm/java-7-oracle/jre/lib/amd64/server/libjvm.so
7f4860cbe000-7f4860ebe000 ---p 00a41000 08:01 3411540                    /usr/lib/jvm/java-7-oracle/jre/lib/amd64/server/libjvm.so
7f4860ebe000-7f4860f61000 rw-p 00a41000 08:01 3411540                    /usr/lib/jvm/java-7-oracle/jre/lib/amd64/server/libjvm.so
7f4860f61000-7f4860f9d000 rw-p 00000000 00:00 0 
7f4860f9d000-7f4861152000 r-xp 00000000 08:01 1441815                    /lib/x86_64-linux-gnu/libc-2.15.so
7f4861152000-7f4861351000 ---p 001b5000 08:01 1441815                    /lib/x86_64-linux-gnu/libc-2.15.so
7f4861351000-7f4861355000 r--p 001b4000 08:01 1441815                    /lib/x86_64-linux-gnu/libc-2.15.so
7f4861355000-7f4861357000 rw-p 001b8000 08:01 1441815                    /lib/x86_64-linux-gnu/libc-2.15.so
7f4861357000-7f486135c000 rw-p 00000000 00:00 0 
7f486135c000-7f486135e000 r-xp 00000000 08:01 1441804                    /lib/x86_64-linux-gnu/libdl-2.15.so
7f486135e000-7f486155e000 ---p 00002000 08:01 1441804                    /lib/x86_64-linux-gnu/libdl-2.15.so
7f486155e000-7f486155f000 r--p 00002000 08:01 1441804                    /lib/x86_64-linux-gnu/libdl-2.15.so
7f486155f000-7f4861560000 rw-p 00003000 08:01 1441804                    /lib/x86_64-linux-gnu/libdl-2.15.so
7f4861560000-7f4861576000 r-xp 00000000 08:01 3411546                    /usr/lib/jvm/java-7-oracle/jre/lib/amd64/jli/libjli.so
7f4861576000-7f4861776000 ---p 00016000 08:01 3411546                    /usr/lib/jvm/java-7-oracle/jre/lib/amd64/jli/libjli.so
7f4861776000-7f4861777000 rw-p 00016000 08:01 3411546                    /usr/lib/jvm/java-7-oracle/jre/lib/amd64/jli/libjli.so
7f4861777000-7f486178f000 r-xp 00000000 08:01 1441913                    /lib/x86_64-linux-gnu/libpthread-2.15.so
7f486178f000-7f486198e000 ---p 00018000 08:01 1441913                    /lib/x86_64-linux-gnu/libpthread-2.15.so
7f486198e000-7f486198f000 r--p 00017000 08:01 1441913                    /lib/x86_64-linux-gnu/libpthread-2.15.so
7f486198f000-7f4861990000 rw-p 00018000 08:01 1441913                    /lib/x86_64-linux-gnu/libpthread-2.15.so
7f4861990000-7f4861994000 rw-p 00000000 00:00 0 
7f4861994000-7f48619b6000 r-xp 00000000 08:01 1441925                    /lib/x86_64-linux-gnu/ld-2.15.so
7f48619b6000-7f48619b7000 r--p 00000000 00:00 0 
7f48619b7000-7f48619f2000 rw-p 00000000 00:00 0 
7f48619f2000-7f4861a9f000 rw-p 00000000 00:00 0 
7f4861a9f000-7f4861aa2000 ---p 00000000 00:00 0 
7f4861aa2000-7f4861ba4000 rw-p 00000000 00:00 0                          [stack:15814]
7f4861ba4000-7f4861ba5000 r--s 00003000 08:01 3540598                    /usr/share/maven-repo/org/sonatype/aether/aether-spi/1.13.1/aether-spi-1.13.1.jar
7f4861ba5000-7f4861ba7000 r--s 00000000 08:01 1057338                    /usr/share/java/plexus-component-annotations-1.5-1.5.5.jar
7f4861ba7000-7f4861ba9000 r--s 0000b000 08:01 1712476                    /usr/share/maven/lib/maven-aether-provider-3.0.4.jar
7f4861ba9000-7f4861baa000 r--s 00004000 08:01 1057249                    /usr/share/java/wagon-http-shared.jar
7f4861baa000-7f4861bb2000 rw-s 00000000 08:01 1317072                    /tmp/hsperfdata_ian/15803
7f4861bb2000-7f4861bb3000 rw-p 00000000 00:00 0 
7f4861bb3000-7f4861bb4000 r--p 00000000 00:00 0 
7f4861bb4000-7f4861bb6000 rw-p 00000000 00:00 0 
7f4861bb6000-7f4861bb7000 r--p 00022000 08:01 1441925                    /lib/x86_64-linux-gnu/ld-2.15.so
7f4861bb7000-7f4861bb9000 rw-p 00023000 08:01 1441925                    /lib/x86_64-linux-gnu/ld-2.15.so
7fffc0f57000-7fffc0f78000 rw-p 00000000 00:00 0                          [stack]
7fffc0fff000-7fffc1000000 r-xp 00000000 00:00 0                          [vdso]
ffffffffff600000-ffffffffff601000 r-xp 00000000 00:00 0                  [vsyscall]

VM Arguments:
jvm_args: -Xmx1024M -XX:MaxPermSize=1024m -Dclassworlds.conf=/usr/share/maven/bin/m2.conf -Dmaven.home=/usr/share/maven 
java_command: org.codehaus.plexus.classworlds.launcher.Launcher clean jetty:run --debug
Launcher Type: SUN_STANDARD

Environment Variables:
JAVA_HOME=/usr/lib/jvm/java-7-oracle
PATH=/usr/lib/lightdm/lightdm:/usr/local/sbin:/usr/local/bin:/usr/sbin:/usr/bin:/sbin:/bin:/usr/games
SHELL=/bin/bash
DISPLAY=:0

Signal Handlers:
SIGSEGV: [libjvm.so+0x8a26a0], sa_mask[0]=0x7ffbfeff, sa_flags=0x10000004
SIGBUS: [libjvm.so+0x8a26a0], sa_mask[0]=0x7ffbfeff, sa_flags=0x10000004
SIGFPE: [libjvm.so+0x73f3d0], sa_mask[0]=0x7ffbfeff, sa_flags=0x10000004
SIGPIPE: [libjvm.so+0x73f3d0], sa_mask[0]=0x7ffbfeff, sa_flags=0x10000004
SIGXFSZ: [libjvm.so+0x73f3d0], sa_mask[0]=0x7ffbfeff, sa_flags=0x10000004
SIGILL: [libjvm.so+0x73f3d0], sa_mask[0]=0x7ffbfeff, sa_flags=0x10000004
SIGUSR1: SIG_DFL, sa_mask[0]=0x00000000, sa_flags=0x00000000
SIGUSR2: [libjvm.so+0x73ed20], sa_mask[0]=0x00000000, sa_flags=0x10000004
SIGHUP: [libjvm.so+0x7410b0], sa_mask[0]=0x7ffbfeff, sa_flags=0x10000004
SIGINT: [libjvm.so+0x7410b0], sa_mask[0]=0x7ffbfeff, sa_flags=0x10000004
SIGTERM: [libjvm.so+0x7410b0], sa_mask[0]=0x7ffbfeff, sa_flags=0x10000004
SIGQUIT: [libjvm.so+0x7410b0], sa_mask[0]=0x7ffbfeff, sa_flags=0x10000004


---------------  S Y S T E M  ---------------

OS:wheezy/sid

uname:Linux 3.5.0-36-generic #57~precise1-Ubuntu SMP Thu Jun 20 18:21:09 UTC 2013 x86_64
libc:glibc 2.15 NPTL 2.15 
rlimit: STACK 8192k, CORE 0k, NPROC 33036, NOFILE 4096, AS infinity
load average:0.88 0.40 0.26

/proc/meminfo:
MemTotal:        4247264 kB
MemFree:         2116484 kB
Buffers:           37616 kB
Cached:           269604 kB
SwapCached:       101044 kB
Active:          1028004 kB
Inactive:         939724 kB
Active(anon):     888980 kB
Inactive(anon):   772528 kB
Active(file):     139024 kB
Inactive(file):   167196 kB
Unevictable:           0 kB
Mlocked:               0 kB
SwapTotal:       2181116 kB
SwapFree:        1752700 kB
Dirty:               708 kB
Writeback:             0 kB
AnonPages:       1618464 kB
Mapped:            67092 kB
Shmem:               980 kB
Slab:              55988 kB
SReclaimable:      29104 kB
SUnreclaim:        26884 kB
KernelStack:        4056 kB
PageTables:        30920 kB
NFS_Unstable:          0 kB
Bounce:                0 kB
WritebackTmp:          0 kB
CommitLimit:     4304748 kB
Committed_AS:    4436356 kB
VmallocTotal:   34359738367 kB
VmallocUsed:      315508 kB
VmallocChunk:   34359420544 kB
HardwareCorrupted:     0 kB
AnonHugePages:         0 kB
HugePages_Total:       0
HugePages_Free:        0
HugePages_Rsvd:        0
HugePages_Surp:        0
Hugepagesize:       2048 kB
DirectMap4k:       51200 kB
DirectMap2M:     4352000 kB


CPU:total 1 (1 cores per cpu, 1 threads per core) family 6 model 23 stepping 6, cmov, cx8, fxsr, mmx, sse, sse2, sse3, ssse3, sse4.1, tsc, tscinvbit

/proc/cpuinfo:
processor	: 0
vendor_id	: GenuineIntel
cpu family	: 6
model		: 23
model name	: Intel(R) Core(TM)2 Duo CPU     T9300  @ 2.50GHz
stepping	: 6
microcode	: 0x60c
cpu MHz		: 2493.379
cache size	: 6144 KB
fpu		: yes
fpu_exception	: yes
cpuid level	: 10
wp		: yes
flags		: fpu vme de pse tsc msr pae mce cx8 apic sep mtrr pge mca cmov pat pse36 clflush dts mmx fxsr sse sse2 ss syscall nx lm constant_tsc up arch_perfmon pebs bts nopl tsc_reliable nonstop_tsc aperfmperf pni ssse3 cx16 sse4_1 x2apic hypervisor lahf_lm dtherm
bogomips	: 4986.75
clflush size	: 64
cache_alignment	: 64
address sizes	: 40 bits physical, 48 bits virtual
power management:



Memory: 4k page, physical 4247264k(2116484k free), swap 2181116k(1752700k free)

vm_info: Java HotSpot(TM) 64-Bit Server VM (23.25-b01) for linux-amd64 JRE (1.7.0_25-b15), built on Jun  5 2013 20:48:36 by "java_re" with gcc 4.3.0 20080428 (Red Hat 4.3.0-8)

time: Tue Jul 16 04:40:59 2013
elapsed time: 688 seconds

